#
# There is insufficient memory for the Java Runtime Environment to continue.
# Native memory allocation (malloc) failed to allocate 1559504 bytes for Chunk::new
# Possible reasons:
#   The system is out of physical RAM or swap space
#   The process is running with CompressedOops enabled, and the Java Heap may be blocking the growth of the native heap
# Possible solutions:
#   Reduce memory load on the system
#   Increase physical memory or swap space
#   Check if swap backing store is full
#   Decrease Java heap size (-Xmx/-Xms)
#   Decrease number of Java threads
#   Decrease Java thread stack sizes (-Xss)
#   Set larger code cache with -XX:ReservedCodeCacheSize=
#   JVM is running with Unscaled Compressed Oops mode in which the Java heap is
#     placed in the first 4GB address space. The Java Heap base address is the
#     maximum limit for the native heap growth. Please use -XX:HeapBaseMinAddress
#     to set the Java Heap base and to place the Java Heap above 4GB virtual address.
# This output file may be truncated or incomplete.
#
#  Out of Memory Error (allocation.cpp:389), pid=13976, tid=0x0000000000004e7c
#
# JRE version: Java(TM) SE Runtime Environment (8.0_221-b11) (build 1.8.0_221-b11)
# Java VM: Java HotSpot(TM) 64-Bit Server VM (25.221-b11 mixed mode windows-amd64 compressed oops)
# Failed to write core dump. Minidumps are not enabled by default on client versions of Windows
#

---------------  T H R E A D  ---------------

Current thread (0x000000001822b800):  JavaThread "C2 CompilerThread0" daemon [_thread_in_native, id=20092, stack(0x0000000019c50000,0x0000000019d50000)]

Stack: [0x0000000019c50000,0x0000000019d50000]
[error occurred during error reporting (printing stack bounds), id 0xc0000005]

Native frames: (J=compiled Java code, j=interpreted, Vv=VM code, C=native code)


Current CompileTask:
C2:  12373 6298       4       java.net.URLClassLoader$1::run (5 bytes)


---------------  P R O C E S S  ---------------

Java Threads: ( => current thread )
  0x000000001f3b1000 JavaThread "container-0" [_thread_blocked, id=12920, stack(0x0000000024c80000,0x0000000024d80000)]
  0x000000001f3b2800 JavaThread "Catalina-utility-2" [_thread_blocked, id=17792, stack(0x0000000024b80000,0x0000000024c80000)]
  0x000000001f3ae800 JavaThread "Catalina-utility-1" [_thread_blocked, id=7720, stack(0x0000000024a80000,0x0000000024b80000)]
  0x000000001f3af800 JavaThread "lettuce-eventExecutorLoop-1-1" daemon [_thread_blocked, id=17044, stack(0x0000000024580000,0x0000000024680000)]
  0x000000001f3b1800 JavaThread "Druid-ConnectionPool-Destroy-88332821" daemon [_thread_blocked, id=7604, stack(0x0000000024280000,0x0000000024380000)]
  0x000000001f3aa000 JavaThread "Druid-ConnectionPool-Create-88332821" daemon [_thread_blocked, id=15256, stack(0x0000000024180000,0x0000000024280000)]
  0x000000001a40a000 JavaThread "Druid-ConnectionPool-Destroy-456228477" daemon [_thread_blocked, id=18920, stack(0x0000000024080000,0x0000000024180000)]
  0x000000001a40d000 JavaThread "Druid-ConnectionPool-Create-456228477" daemon [_thread_blocked, id=19484, stack(0x0000000023f80000,0x0000000024080000)]
  0x000000001a40b800 JavaThread "SimplePauseDetectorThread_0" daemon [_thread_blocked, id=13504, stack(0x0000000023e80000,0x0000000023f80000)]
  0x000000001a408800 JavaThread "Thread-5" daemon [_thread_blocked, id=19148, stack(0x0000000023d80000,0x0000000023e80000)]
  0x000000001a40a800 JavaThread "mysql-cj-abandoned-connection-cleanup" daemon [_thread_blocked, id=12372, stack(0x0000000023c80000,0x0000000023d80000)]
  0x000000001a40d800 JavaThread "Statistics Thread-__DEFAULT__-1" daemon [_thread_blocked, id=14956, stack(0x00000000231f0000,0x00000000232f0000)]
  0x000000001a409000 JavaThread "gisinfo%002esand%002esecurity.data" [_thread_blocked, id=17172, stack(0x00000000230f0000,0x00000000231f0000)]
  0x000000001a40e800 JavaThread "__DEFAULT__" daemon [_thread_blocked, id=17072, stack(0x0000000022ff0000,0x00000000230f0000)]
  0x000000001b384000 JavaThread "AsyncAppender-Worker-ASYNC" daemon [_thread_blocked, id=13300, stack(0x000000001d4a0000,0x000000001d5a0000)]
  0x00000000196c6800 JavaThread "logback-1" daemon [_thread_blocked, id=9836, stack(0x000000001d3a0000,0x000000001d4a0000)]
  0x000000001823e800 JavaThread "Service Thread" daemon [_thread_blocked, id=10320, stack(0x0000000019f50000,0x000000001a050000)]
  0x000000001822e800 JavaThread "C1 CompilerThread2" daemon [_thread_blocked, id=16044, stack(0x0000000019e50000,0x0000000019f50000)]
  0x000000001822d000 JavaThread "C2 CompilerThread1" daemon [_thread_in_native, id=11624, stack(0x0000000019d50000,0x0000000019e50000)]
=>0x000000001822b800 JavaThread "C2 CompilerThread0" daemon [_thread_in_native, id=20092, stack(0x0000000019c50000,0x0000000019d50000)]
  0x000000001821d800 JavaThread "Monitor Ctrl-Break" daemon [_thread_in_native, id=20404, stack(0x0000000019b50000,0x0000000019c50000)]
  0x0000000019593800 JavaThread "Attach Listener" daemon [_thread_blocked, id=9084, stack(0x0000000019a50000,0x0000000019b50000)]
  0x00000000181fa800 JavaThread "Signal Dispatcher" daemon [_thread_blocked, id=19844, stack(0x0000000019950000,0x0000000019a50000)]
  0x00000000181d3000 JavaThread "Finalizer" daemon [_thread_blocked, id=11524, stack(0x0000000019450000,0x0000000019550000)]
  0x00000000181ca000 JavaThread "Reference Handler" daemon [_thread_blocked, id=19588, stack(0x0000000019350000,0x0000000019450000)]
  0x000000000342d000 JavaThread "main" [_thread_in_Java, id=20144, stack(0x0000000003250000,0x0000000003350000)]

Other Threads:
  0x00000000181a8000 VMThread [stack: 0x0000000019250000,0x0000000019350000] [id=20344]
  0x0000000019680000 WatcherThread [stack: 0x000000001a050000,0x000000001a150000] [id=3040]

VM state:not at safepoint (normal execution)

VM Mutex/Monitor currently owned by a thread: None

heap address: 0x0000000081c00000, size: 2020 MB, Compressed Oops mode: 32-bit
Narrow klass base: 0x0000000000000000, Narrow klass shift: 3
Compressed class space size: 1073741824 Address: 0x0000000100000000

Heap:
 PSYoungGen      total 221696K, used 192383K [0x00000000d5f00000, 0x00000000e4780000, 0x0000000100000000)
  eden space 206336K, 93% used [0x00000000d5f00000,0x00000000e1adfd98,0x00000000e2880000)
  from space 15360K, 0% used [0x00000000e2880000,0x00000000e2880000,0x00000000e3780000)
  to   space 14336K, 0% used [0x00000000e3780000,0x00000000e3780000,0x00000000e4580000)
 ParOldGen       total 92160K, used 36783K [0x0000000081c00000, 0x0000000087600000, 0x00000000d5f00000)
  object space 92160K, 39% used [0x0000000081c00000,0x0000000083febcf0,0x0000000087600000)
 Metaspace       used 61856K, capacity 63958K, committed 64168K, reserved 1105920K
  class space    used 7883K, capacity 8301K, committed 8368K, reserved 1048576K

Card table byte_map: [0x0000000012a70000,0x0000000012e70000] byte_map_base: 0x0000000012662000

Marking Bits: (ParMarkBitMap*) 0x000000005d2d5ce0
 Begin Bits: [0x0000000013520000, 0x00000000154b0000)
 End Bits:   [0x00000000154b0000, 0x0000000017440000)

Polling page: 0x0000000003350000

CodeCache: size=245760Kb used=19022Kb max_used=19150Kb free=226737Kb
 bounds [0x00000000036b0000, 0x0000000004980000, 0x00000000126b0000]
 total_blobs=5945 nmethods=5379 adapters=477
 compilation: enabled

Compilation events (10 events):
Event: 12.326 Thread 0x000000001822e800 6323       3       java.lang.invoke.SimpleMethodHandle::copyWithExtendL (7 bytes)
Event: 12.326 Thread 0x000000001822e800 nmethod 6323 0x0000000003a5ac10 code [0x0000000003a5ada0, 0x0000000003a5b0c8]
Event: 12.335 Thread 0x000000001822e800 6324       1       org.springframework.boot.context.properties.bind.Bindable::getValue (5 bytes)
Event: 12.335 Thread 0x000000001822e800 nmethod 6324 0x00000000041b8cd0 code [0x00000000041b8e20, 0x00000000041b8f30]
Event: 12.335 Thread 0x000000001822e800 6325       3       org.springframework.core.convert.support.GenericConversionService::canConvert (29 bytes)
Event: 12.335 Thread 0x000000001822e800 nmethod 6325 0x000000000432d090 code [0x000000000432d220, 0x000000000432d618]
Event: 12.337 Thread 0x000000001822e800 6326       3       java.lang.ThreadLocal::setInitialValue (36 bytes)
Event: 12.337 Thread 0x000000001822e800 nmethod 6326 0x00000000044bed10 code [0x00000000044beec0, 0x00000000044bf378]
Event: 12.344 Thread 0x000000001822e800 6327       3       org.springframework.beans.factory.support.AbstractBeanFactory::initBeanWrapper (16 bytes)
Event: 12.345 Thread 0x000000001822e800 nmethod 6327 0x000000000432ca90 code [0x000000000432cc00, 0x000000000432cf78]

GC Heap History (10 events):
Event: 7.675 GC heap before
{Heap before GC invocations=14 (full 2):
 PSYoungGen      total 140288K, used 137472K [0x00000000d5f00000, 0x00000000e1800000, 0x0000000100000000)
  eden space 128512K, 100% used [0x00000000d5f00000,0x00000000ddc80000,0x00000000ddc80000)
  from space 11776K, 76% used [0x00000000ddc80000,0x00000000de540120,0x00000000de800000)
  to   space 12288K, 0% used [0x00000000e0c00000,0x00000000e0c00000,0x00000000e1800000)
 ParOldGen       total 92160K, used 16422K [0x0000000081c00000, 0x0000000087600000, 0x00000000d5f00000)
  object space 92160K, 17% used [0x0000000081c00000,0x0000000082c09b58,0x0000000087600000)
 Metaspace       used 44979K, capacity 46284K, committed 46504K, reserved 1089536K
  class space    used 5763K, capacity 6036K, committed 6064K, reserved 1048576K
Event: 7.693 GC heap after
Heap after GC invocations=14 (full 2):
 PSYoungGen      total 175104K, used 12256K [0x00000000d5f00000, 0x00000000e1a00000, 0x0000000100000000)
  eden space 162816K, 0% used [0x00000000d5f00000,0x00000000d5f00000,0x00000000dfe00000)
  from space 12288K, 99% used [0x00000000e0c00000,0x00000000e17f80b0,0x00000000e1800000)
  to   space 14336K, 0% used [0x00000000dfe00000,0x00000000dfe00000,0x00000000e0c00000)
 ParOldGen       total 92160K, used 18594K [0x0000000081c00000, 0x0000000087600000, 0x00000000d5f00000)
  object space 92160K, 20% used [0x0000000081c00000,0x0000000082e28ad0,0x0000000087600000)
 Metaspace       used 44979K, capacity 46284K, committed 46504K, reserved 1089536K
  class space    used 5763K, capacity 6036K, committed 6064K, reserved 1048576K
}
Event: 8.659 GC heap before
{Heap before GC invocations=15 (full 2):
 PSYoungGen      total 175104K, used 175072K [0x00000000d5f00000, 0x00000000e1a00000, 0x0000000100000000)
  eden space 162816K, 100% used [0x00000000d5f00000,0x00000000dfe00000,0x00000000dfe00000)
  from space 12288K, 99% used [0x00000000e0c00000,0x00000000e17f80b0,0x00000000e1800000)
  to   space 14336K, 0% used [0x00000000dfe00000,0x00000000dfe00000,0x00000000e0c00000)
 ParOldGen       total 92160K, used 18594K [0x0000000081c00000, 0x0000000087600000, 0x00000000d5f00000)
  object space 92160K, 20% used [0x0000000081c00000,0x0000000082e28ad0,0x0000000087600000)
 Metaspace       used 49251K, capacity 50896K, committed 51240K, reserved 1093632K
  class space    used 6293K, capacity 6620K, committed 6704K, reserved 1048576K
Event: 8.675 GC heap after
Heap after GC invocations=15 (full 2):
 PSYoungGen      total 177152K, used 9525K [0x00000000d5f00000, 0x00000000e4580000, 0x0000000100000000)
  eden space 162816K, 0% used [0x00000000d5f00000,0x00000000d5f00000,0x00000000dfe00000)
  from space 14336K, 66% used [0x00000000dfe00000,0x00000000e074d7a8,0x00000000e0c00000)
  to   space 14336K, 0% used [0x00000000e3780000,0x00000000e3780000,0x00000000e4580000)
 ParOldGen       total 92160K, used 28564K [0x0000000081c00000, 0x0000000087600000, 0x00000000d5f00000)
  object space 92160K, 30% used [0x0000000081c00000,0x00000000837e5128,0x0000000087600000)
 Metaspace       used 49251K, capacity 50896K, committed 51240K, reserved 1093632K
  class space    used 6293K, capacity 6620K, committed 6704K, reserved 1048576K
}
Event: 9.924 GC heap before
{Heap before GC invocations=16 (full 2):
 PSYoungGen      total 177152K, used 172341K [0x00000000d5f00000, 0x00000000e4580000, 0x0000000100000000)
  eden space 162816K, 100% used [0x00000000d5f00000,0x00000000dfe00000,0x00000000dfe00000)
  from space 14336K, 66% used [0x00000000dfe00000,0x00000000e074d7a8,0x00000000e0c00000)
  to   space 14336K, 0% used [0x00000000e3780000,0x00000000e3780000,0x00000000e4580000)
 ParOldGen       total 92160K, used 28564K [0x0000000081c00000, 0x0000000087600000, 0x00000000d5f00000)
  object space 92160K, 30% used [0x0000000081c00000,0x00000000837e5128,0x0000000087600000)
 Metaspace       used 54049K, capacity 55880K, committed 56104K, reserved 1097728K
  class space    used 6825K, capacity 7168K, committed 7216K, reserved 1048576K
Event: 9.943 GC heap after
Heap after GC invocations=16 (full 2):
 PSYoungGen      total 220672K, used 13060K [0x00000000d5f00000, 0x00000000e4780000, 0x0000000100000000)
  eden space 206336K, 0% used [0x00000000d5f00000,0x00000000d5f00000,0x00000000e2880000)
  from space 14336K, 91% used [0x00000000e3780000,0x00000000e4441190,0x00000000e4580000)
  to   space 15360K, 0% used [0x00000000e2880000,0x00000000e2880000,0x00000000e3780000)
 ParOldGen       total 92160K, used 28572K [0x0000000081c00000, 0x0000000087600000, 0x00000000d5f00000)
  object space 92160K, 31% used [0x0000000081c00000,0x00000000837e7128,0x0000000087600000)
 Metaspace       used 54049K, capacity 55880K, committed 56104K, reserved 1097728K
  class space    used 6825K, capacity 7168K, committed 7216K, reserved 1048576K
}
Event: 10.672 GC heap before
{Heap before GC invocations=17 (full 2):
 PSYoungGen      total 220672K, used 88399K [0x00000000d5f00000, 0x00000000e4780000, 0x0000000100000000)
  eden space 206336K, 36% used [0x00000000d5f00000,0x00000000da892b50,0x00000000e2880000)
  from space 14336K, 91% used [0x00000000e3780000,0x00000000e4441190,0x00000000e4580000)
  to   space 15360K, 0% used [0x00000000e2880000,0x00000000e2880000,0x00000000e3780000)
 ParOldGen       total 92160K, used 28572K [0x0000000081c00000, 0x0000000087600000, 0x00000000d5f00000)
  object space 92160K, 31% used [0x0000000081c00000,0x00000000837e7128,0x0000000087600000)
 Metaspace       used 57160K, capacity 59046K, committed 59160K, reserved 1101824K
  class space    used 7208K, capacity 7563K, committed 7600K, reserved 1048576K
Event: 10.704 GC heap after
Heap after GC invocations=17 (full 2):
 PSYoungGen      total 221696K, used 13639K [0x00000000d5f00000, 0x00000000e4780000, 0x0000000100000000)
  eden space 206336K, 0% used [0x00000000d5f00000,0x00000000d5f00000,0x00000000e2880000)
  from space 15360K, 88% used [0x00000000e2880000,0x00000000e35d1c28,0x00000000e3780000)
  to   space 14336K, 0% used [0x00000000e3780000,0x00000000e3780000,0x00000000e4580000)
 ParOldGen       total 92160K, used 28580K [0x0000000081c00000, 0x0000000087600000, 0x00000000d5f00000)
  object space 92160K, 31% used [0x0000000081c00000,0x00000000837e9128,0x0000000087600000)
 Metaspace       used 57160K, capacity 59046K, committed 59160K, reserved 1101824K
  class space    used 7208K, capacity 7563K, committed 7600K, reserved 1048576K
}
Event: 10.704 GC heap before
{Heap before GC invocations=18 (full 3):
 PSYoungGen      total 221696K, used 13639K [0x00000000d5f00000, 0x00000000e4780000, 0x0000000100000000)
  eden space 206336K, 0% used [0x00000000d5f00000,0x00000000d5f00000,0x00000000e2880000)
  from space 15360K, 88% used [0x00000000e2880000,0x00000000e35d1c28,0x00000000e3780000)
  to   space 14336K, 0% used [0x00000000e3780000,0x00000000e3780000,0x00000000e4580000)
 ParOldGen       total 92160K, used 28580K [0x0000000081c00000, 0x0000000087600000, 0x00000000d5f00000)
  object space 92160K, 31% used [0x0000000081c00000,0x00000000837e9128,0x0000000087600000)
 Metaspace       used 57160K, capacity 59046K, committed 59160K, reserved 1101824K
  class space    used 7208K, capacity 7563K, committed 7600K, reserved 1048576K
Event: 10.937 GC heap after
Heap after GC invocations=18 (full 3):
 PSYoungGen      total 221696K, used 0K [0x00000000d5f00000, 0x00000000e4780000, 0x0000000100000000)
  eden space 206336K, 0% used [0x00000000d5f00000,0x00000000d5f00000,0x00000000e2880000)
  from space 15360K, 0% used [0x00000000e2880000,0x00000000e2880000,0x00000000e3780000)
  to   space 14336K, 0% used [0x00000000e3780000,0x00000000e3780000,0x00000000e4580000)
 ParOldGen       total 92160K, used 36783K [0x0000000081c00000, 0x0000000087600000, 0x00000000d5f00000)
  object space 92160K, 39% used [0x0000000081c00000,0x0000000083febcf0,0x0000000087600000)
 Metaspace       used 57160K, capacity 59046K, committed 59160K, reserved 1101824K
  class space    used 7208K, capacity 7563K, committed 7600K, reserved 1048576K
}

Deoptimization events (10 events):
Event: 10.239 Thread 0x000000001a40d000 Uncommon trap: reason=unstable_if action=reinterpret pc=0x00000000045d8994 method=java.lang.CharacterDataLatin1.digit(II)I @ 82
Event: 10.243 Thread 0x000000000342d000 Uncommon trap: reason=class_check action=maybe_recompile pc=0x0000000004295bb4 method=java.util.HashMap$EntrySpliterator.forEachRemaining(Ljava/util/function/Consumer;)V @ 142
Event: 10.261 Thread 0x000000001a40d000 Uncommon trap: reason=bimorphic action=maybe_recompile pc=0x0000000004720278 method=java.util.Hashtable.get(Ljava/lang/Object;)Ljava/lang/Object; @ 45
Event: 10.268 Thread 0x000000000342d000 Uncommon trap: reason=bimorphic action=maybe_recompile pc=0x0000000004720278 method=java.util.Hashtable.get(Ljava/lang/Object;)Ljava/lang/Object; @ 45
Event: 11.016 Thread 0x000000000342d000 Uncommon trap: reason=unstable_if action=reinterpret pc=0x00000000046d5804 method=sun.reflect.Reflection.filter([Ljava/lang/reflect/Member;[Ljava/lang/String;)[Ljava/lang/reflect/Member; @ 1
Event: 11.612 Thread 0x000000000342d000 Uncommon trap: reason=unstable_if action=reinterpret pc=0x00000000047b3218 method=org.springframework.core.annotation.AnnotatedElementUtils.searchWithFindSemantics(Ljava/lang/reflect/AnnotatedElement;Ljava/util/Set;Ljava/lang/String;Ljava/lang/Class;Lorg/
Event: 11.897 Thread 0x000000000342d000 Uncommon trap: reason=unstable_if action=reinterpret pc=0x00000000040a7c84 method=java.lang.Character.isLetterOrDigit(I)Z @ 10
Event: 11.932 Thread 0x000000000342d000 Uncommon trap: reason=null_check action=make_not_entrant pc=0x0000000004912704 method=org.springframework.core.annotation.AnnotatedElementUtils.searchWithGetSemanticsInAnnotations(Ljava/lang/reflect/AnnotatedElement;Ljava/util/List;Ljava/util/Set;Ljava/la
Event: 11.944 Thread 0x000000000342d000 Uncommon trap: reason=unstable_if action=reinterpret pc=0x000000000481fce0 method=org.springframework.asm.Frame.merge(Lorg/springframework/asm/SymbolTable;I[II)Z @ 264
Event: 12.245 Thread 0x000000000342d000 Uncommon trap: reason=unstable_if action=reinterpret pc=0x000000000495bf44 method=org.springframework.cglib.core.CodeEmitter.emit_invoke(ILorg/springframework/asm/Type;Lorg/springframework/cglib/core/Signature;)V @ 24

Classes redefined (0 events):
No events

Internal exceptions (10 events):
Event: 12.159 Thread 0x000000000342d000 Exception <a 'java/lang/ClassNotFoundException': org/springframework/beans/factory/AwareCustomizer> (0x00000000e0a7dc10) thrown at [C:\re\workspace\8-2-build-windows-amd64-cygwin\jdk8u221\13320\hotspot\src\share\vm\classfile\systemDictionary.cpp, line 210
Event: 12.159 Thread 0x000000000342d000 Exception <a 'java/lang/ClassNotFoundException': org/springframework/beans/factory/InitializingBeanCustomizer> (0x00000000e0ab2580) thrown at [C:\re\workspace\8-2-build-windows-amd64-cygwin\jdk8u221\13320\hotspot\src\share\vm\classfile\systemDictionary.cp
Event: 12.160 Thread 0x000000000342d000 Exception <a 'java/lang/ClassNotFoundException': org/springframework/beans/factory/DisposableBeanCustomizer> (0x00000000e0ae5190) thrown at [C:\re\workspace\8-2-build-windows-amd64-cygwin\jdk8u221\13320\hotspot\src\share\vm\classfile\systemDictionary.cpp,
Event: 12.256 Thread 0x000000000342d000 Exception <a 'java/io/FileNotFoundException'> (0x00000000e1161130) thrown at [C:\re\workspace\8-2-build-windows-amd64-cygwin\jdk8u221\13320\hotspot\src\share\vm\prims\jni.cpp, line 710]
Event: 12.311 Thread 0x000000000342d000 Exception <a 'java/lang/ClassNotFoundException': java/lang/ObjectCustomizer> (0x00000000e1483a78) thrown at [C:\re\workspace\8-2-build-windows-amd64-cygwin\jdk8u221\13320\hotspot\src\share\vm\classfile\systemDictionary.cpp, line 210]
Event: 12.311 Thread 0x000000000342d000 Exception <a 'java/lang/ClassNotFoundException': org/springframework/boot/autoconfigure/orm/jpa/JpaPropertiesCustomizer> (0x00000000e14bef30) thrown at [C:\re\workspace\8-2-build-windows-amd64-cygwin\jdk8u221\13320\hotspot\src\share\vm\classfile\systemDic
Event: 12.332 Thread 0x000000000342d000 Exception <a 'java/lang/ClassNotFoundException': java/lang/ObjectCustomizer> (0x00000000e156ee98) thrown at [C:\re\workspace\8-2-build-windows-amd64-cygwin\jdk8u221\13320\hotspot\src\share\vm\classfile\systemDictionary.cpp, line 210]
Event: 12.346 Thread 0x000000000342d000 Exception <a 'java/lang/ClassNotFoundException': java/lang/ObjectCustomizer> (0x00000000e16ffc40) thrown at [C:\re\workspace\8-2-build-windows-amd64-cygwin\jdk8u221\13320\hotspot\src\share\vm\classfile\systemDictionary.cpp, line 210]
Event: 12.346 Thread 0x000000000342d000 Exception <a 'java/lang/ClassNotFoundException': org/springframework/boot/autoconfigure/transaction/TransactionAutoConfigurationCustomizer> (0x00000000e1746e90) thrown at [C:\re\workspace\8-2-build-windows-amd64-cygwin\jdk8u221\13320\hotspot\src\share\vm\
Event: 12.347 Thread 0x000000000342d000 Exception <a 'java/lang/ClassNotFoundException': org/springframework/boot/autoconfigure/transaction/TransactionAutoConfiguration$$EnhancerBySpringCGLIB$$de3df3cdCustomizer> (0x00000000e17a2a48) thrown at [C:\re\workspace\8-2-build-windows-amd64-cygwin\jdk

Events (10 events):
Event: 12.346 loading class org/springframework/boot/autoconfigure/transaction/TransactionAutoConfiguration$$EnhancerBySpringCGLIB$$de3df3cdCustomizer
Event: 12.346 loading class org/springframework/boot/autoconfigure/transaction/TransactionAutoConfiguration$$EnhancerBySpringCGLIB$$de3df3cdCustomizer done
Event: 12.347 loading class org/springframework/boot/autoconfigure/transaction/TransactionAutoConfiguration$$EnhancerBySpringCGLIB$$de3df3cdCustomizer
Event: 12.347 loading class org/springframework/boot/autoconfigure/transaction/TransactionAutoConfiguration$$EnhancerBySpringCGLIB$$de3df3cdCustomizer done
Event: 12.347 loading class org/springframework/boot/autoconfigure/transaction/TransactionAutoConfiguration$$EnhancerBySpringCGLIB$$de3df3cdCustomizer
Event: 12.347 loading class org/springframework/boot/autoconfigure/transaction/TransactionAutoConfiguration$$EnhancerBySpringCGLIB$$de3df3cdCustomizer done
Event: 12.347 loading class org/springframework/context/annotation/ConfigurationClassEnhancer$EnhancedConfigurationCustomizer
Event: 12.347 loading class org/springframework/context/annotation/ConfigurationClassEnhancer$EnhancedConfigurationCustomizer done
Event: 12.364 loading class org/springframework/context/annotation/ConfigurationClassEnhancer$EnhancedConfigurationCustomizer
Event: 12.364 loading class org/springframework/context/annotation/ConfigurationClassEnhancer$EnhancedConfigurationCustomizer done


Dynamic libraries:
0x00007ff676de0000 - 0x00007ff676e17000 	C:\Program Files\Java\jdk1.8.0_221\bin\java.exe
0x00007ff8556a0000 - 0x00007ff85588d000 	C:\Windows\SYSTEM32\ntdll.dll
0x00007ff855410000 - 0x00007ff8554c3000 	C:\Windows\System32\KERNEL32.DLL
0x00007ff851760000 - 0x00007ff8519f3000 	C:\Windows\System32\KERNELBASE.dll
0x00007ff852ac0000 - 0x00007ff852b63000 	C:\Windows\System32\ADVAPI32.dll
0x00007ff852a20000 - 0x00007ff852abe000 	C:\Windows\System32\msvcrt.dll
0x00007ff855370000 - 0x00007ff85540e000 	C:\Windows\System32\sechost.dll
0x00007ff852ea0000 - 0x00007ff852fc2000 	C:\Windows\System32\RPCRT4.dll
0x00007ff8554d0000 - 0x00007ff855667000 	C:\Windows\System32\USER32.dll
0x00007ff8528a0000 - 0x00007ff8528c0000 	C:\Windows\System32\win32u.dll
0x00007ff8529f0000 - 0x00007ff852a19000 	C:\Windows\System32\GDI32.dll
0x00007ff8521f0000 - 0x00007ff852389000 	C:\Windows\System32\gdi32full.dll
0x00007ff8523f0000 - 0x00007ff852490000 	C:\Windows\System32\msvcp_win.dll
0x00007ff8525c0000 - 0x00007ff8526ba000 	C:\Windows\System32\ucrtbase.dll
0x00007ff843650000 - 0x00007ff8438c9000 	C:\Windows\WinSxS\amd64_microsoft.windows.common-controls_6595b64144ccf1df_6.0.17763.864_none_05b3441807210760\COMCTL32.dll
0x00007ff854b90000 - 0x00007ff854ebc000 	C:\Windows\System32\combase.dll
0x00007ff852540000 - 0x00007ff8525be000 	C:\Windows\System32\bcryptPrimitives.dll
0x00007ff855340000 - 0x00007ff85536e000 	C:\Windows\System32\IMM32.DLL
0x000000005dd00000 - 0x000000005ddd2000 	C:\Program Files\Java\jdk1.8.0_221\jre\bin\msvcr100.dll
0x000000005cab0000 - 0x000000005d355000 	C:\Program Files\Java\jdk1.8.0_221\jre\bin\server\jvm.dll
0x00007ff852e90000 - 0x00007ff852e98000 	C:\Windows\System32\PSAPI.DLL
0x00007ff84d6b0000 - 0x00007ff84d6d4000 	C:\Windows\SYSTEM32\WINMM.dll
0x00007ff83f9c0000 - 0x00007ff83f9c9000 	C:\Windows\SYSTEM32\WSOCK32.dll
0x00007ff852e20000 - 0x00007ff852e8d000 	C:\Windows\System32\WS2_32.dll
0x00007ff846950000 - 0x00007ff84695a000 	C:\Windows\SYSTEM32\VERSION.dll
0x00007ff84d5d0000 - 0x00007ff84d5fd000 	C:\Windows\SYSTEM32\WINMMBASE.dll
0x00007ff851a30000 - 0x00007ff851a7a000 	C:\Windows\System32\cfgmgr32.dll
0x00007ff84d870000 - 0x00007ff84d87f000 	C:\Program Files\Java\jdk1.8.0_221\jre\bin\verify.dll
0x00007ff84a6b0000 - 0x00007ff84a6d9000 	C:\Program Files\Java\jdk1.8.0_221\jre\bin\java.dll
0x00007ff847ec0000 - 0x00007ff847ee3000 	C:\Program Files\Java\jdk1.8.0_221\jre\bin\instrument.dll
0x00007ff84a6f0000 - 0x00007ff84a706000 	C:\Program Files\Java\jdk1.8.0_221\jre\bin\zip.dll
0x00007ff853130000 - 0x00007ff854624000 	C:\Windows\System32\SHELL32.dll
0x00007ff854ae0000 - 0x00007ff854b88000 	C:\Windows\System32\shcore.dll
0x00007ff851a80000 - 0x00007ff8521cd000 	C:\Windows\System32\windows.storage.dll
0x00007ff851730000 - 0x00007ff851754000 	C:\Windows\System32\profapi.dll
0x00007ff8516d0000 - 0x00007ff85172d000 	C:\Windows\System32\powrprof.dll
0x00007ff852d20000 - 0x00007ff852d72000 	C:\Windows\System32\shlwapi.dll
0x00007ff851690000 - 0x00007ff8516a1000 	C:\Windows\System32\kernel.appcore.dll
0x00007ff8521d0000 - 0x00007ff8521e7000 	C:\Windows\System32\cryptsp.dll
0x00007ff847c40000 - 0x00007ff847c5a000 	G:\Idea\IntelliJ IDEA 2019.2.4\bin\breakgen64.dll
0x00007ff847450000 - 0x00007ff84746a000 	C:\Program Files\Java\jdk1.8.0_221\jre\bin\net.dll
0x00007ff842fa0000 - 0x00007ff843177000 	C:\Windows\SYSTEM32\urlmon.dll
0x00007ff842cf0000 - 0x00007ff842f98000 	C:\Windows\SYSTEM32\iertutil.dll
0x00007ff8510d0000 - 0x00007ff8510dc000 	C:\Windows\SYSTEM32\CRYPTBASE.DLL
0x00007ff850f00000 - 0x00007ff850f67000 	C:\Windows\system32\mswsock.dll
0x00007ff847f90000 - 0x00007ff847f9d000 	C:\Program Files\Java\jdk1.8.0_221\jre\bin\management.dll
0x00007ff828c70000 - 0x00007ff828c86000 	C:\Windows\system32\napinsp.dll
0x00007ff828c50000 - 0x00007ff828c6a000 	C:\Windows\system32\pnrpnsp.dll
0x00007ff850c60000 - 0x00007ff850d26000 	C:\Windows\SYSTEM32\DNSAPI.dll
0x00007ff8529d0000 - 0x00007ff8529d8000 	C:\Windows\System32\NSI.dll
0x00007ff850c20000 - 0x00007ff850c5d000 	C:\Windows\SYSTEM32\IPHLPAPI.DLL
0x00007ff82a030000 - 0x00007ff82a03e000 	C:\Windows\System32\winrnr.dll
0x00007ff84d7c0000 - 0x00007ff84d7db000 	C:\Windows\system32\NLAapi.dll
0x00007ff84aa80000 - 0x00007ff84aa95000 	C:\Windows\system32\wshbth.dll
0x00007ff840210000 - 0x00007ff84021a000 	C:\Windows\System32\rasadhlp.dll
0x00007ff842780000 - 0x00007ff8427f9000 	C:\Windows\System32\fwpuclnt.dll
0x00007ff851a00000 - 0x00007ff851a26000 	C:\Windows\System32\bcrypt.dll
0x00007ff8447d0000 - 0x00007ff8447e2000 	C:\Program Files\Java\jdk1.8.0_221\jre\bin\nio.dll
0x00007ff83ef60000 - 0x00007ff83ef84000 	C:\Program Files\Java\jdk1.8.0_221\jre\bin\sunec.dll
0x00007ff844030000 - 0x00007ff844046000 	C:\Windows\SYSTEM32\dhcpcsvc6.DLL
0x00007ff844010000 - 0x00007ff84402c000 	C:\Windows\SYSTEM32\dhcpcsvc.DLL
0x00007ff850a80000 - 0x00007ff850ab3000 	C:\Windows\system32\rsaenh.dll
0x00007ff8515c0000 - 0x00007ff8515e8000 	C:\Windows\SYSTEM32\USERENV.dll
0x00007ff847c30000 - 0x00007ff847c3b000 	C:\Program Files\Java\jdk1.8.0_221\jre\bin\sunmscapi.dll
0x00007ff8526c0000 - 0x00007ff85289b000 	C:\Windows\System32\CRYPT32.dll
0x00007ff8516b0000 - 0x00007ff8516c2000 	C:\Windows\System32\MSASN1.dll

VM Arguments:
jvm_args: -ea -Didea.test.cyclic.buffer.size=1048576 -javaagent:G:\Idea\IntelliJ IDEA 2019.2.4\lib\idea_rt.jar=50039:G:\Idea\IntelliJ IDEA 2019.2.4\bin -Dfile.encoding=UTF-8 
java_command: com.intellij.rt.execution.junit.JUnitStarter -ideVersion5 -junit4 com.gisinfo.sand.test.TestServiceTest
java_class_path (initial): G:\Idea\IntelliJ IDEA 2019.2.4\lib\idea_rt.jar;G:\Idea\IntelliJ IDEA 2019.2.4\plugins\junit\lib\junit-rt.jar;G:\Idea\IntelliJ IDEA 2019.2.4\plugins\junit\lib\junit5-rt.jar;C:\Program Files\Java\jdk1.8.0_221\jre\lib\charsets.jar;C:\Program Files\Java\jdk1.8.0_221\jre\lib\deploy.jar;C:\Program Files\Java\jdk1.8.0_221\jre\lib\ext\access-bridge-64.jar;C:\Program Files\Java\jdk1.8.0_221\jre\lib\ext\cldrdata.jar;C:\Program Files\Java\jdk1.8.0_221\jre\lib\ext\dnsns.jar;C:\Program Files\Java\jdk1.8.0_221\jre\lib\ext\jaccess.jar;C:\Program Files\Java\jdk1.8.0_221\jre\lib\ext\jfxrt.jar;C:\Program Files\Java\jdk1.8.0_221\jre\lib\ext\localedata.jar;C:\Program Files\Java\jdk1.8.0_221\jre\lib\ext\nashorn.jar;C:\Program Files\Java\jdk1.8.0_221\jre\lib\ext\sunec.jar;C:\Program Files\Java\jdk1.8.0_221\jre\lib\ext\sunjce_provider.jar;C:\Program Files\Java\jdk1.8.0_221\jre\lib\ext\sunmscapi.jar;C:\Program Files\Java\jdk1.8.0_221\jre\lib\ext\sunpkcs11.jar;C:\Program Files\Java\jdk1.8.0_221\jre\lib\ext\zipfs.jar;C:\Program Files\Java\jdk1.8.0_221\jre\lib\javaws.jar;C:\Program Files\Java\jdk1.8.0_221\jre\lib\jce.jar;C:\Program Files\Java\jdk1.8.0_221\jre\lib\jfr.jar;C:\Program Files\Java\jdk1.8.0_221\jre\lib\jfxswt.jar;C:\Program Files\Java\jdk1.8.0_221\jre\lib\jsse.jar;C:\Program Files\Java\jdk1.8.0_221\jre\lib\management-agent.jar;C:\Program Files\Java\jdk1.8.0_221\jre\lib\plugin.jar;C:\Program Files\Java\jdk1.8.0_221\jre\lib\resources.jar;C:\Program Files\Java\jdk1.8.0_221\jre\lib\rt.jar;D:\moniwj\gisinfo-sand-web-new\target\test-classes;D:\moniwj\gisinfo-sand-web-new\target\classes;C:\Users\23574\.m2\repository\com\gisinfo\gisinfo-sand-core\2.1.6\gisinfo-sand-core-2.1.6.jar;C:\Users\23574\.m2\repository\org\springframework\boot\spring-boot-starter\2.1.3.RELEASE\spring-boot-starter-2.1.3.RELEASE.jar;C:\Users\23574\.m2\repository\org\springframework\boot\spring-boot\2.1.3.RELEASE\spring-boot-2.1.3.RELEASE.jar;C:\Users\23574\.m2\repository\org\springframewor
Launcher Type: SUN_STANDARD

Environment Variables:
JAVA_HOME=C:\Program Files\Java\jdk1.8.0_144
CLASSPATH=.;C:\Program Files\Java\jdk1.8.0_144\lib;C:\Program Files\Java\jdk1.8.0_144\lib\tools.jar
PATH=C:\Windows\system32;C:\Windows;C:\Windows\System32\Wbem;C:\Windows\SysWOW64;G:\GIT\Git\bin;G:\GIT\Git\mingw64\libexec\git-core;G:\python\Scripts\;G:\python\;C:\Users\23574\AppData\Local\Microsoft\WindowsApps;C:\Users\23574\AppData\Roaming\npm;C:\Program Files\Java\jdk1.8.0_144\bin;C:\Program Files\Java\jdk1.8.0_144\jre\bin;C:\Program Files\Apache\apache-maven-3.6.2\bin;
USERNAME=Cortana
OS=Windows_NT
PROCESSOR_IDENTIFIER=Intel64 Family 6 Model 158 Stepping 9, GenuineIntel



---------------  S Y S T E M  ---------------

OS: Windows 10.0 , 64 bit Build 17763 (10.0.17763.475)

CPU:total 4 (initial active 4) (4 cores per cpu, 1 threads per core) family 6 model 158 stepping 9, cmov, cx8, fxsr, mmx, sse, sse2, sse3, ssse3, sse4.1, sse4.2, popcnt, avx, avx2, aes, clmul, erms, 3dnowpref, lzcnt, tsc, tscinvbit, bmi1, bmi2, adx

Memory: 4k page, physical 8267036k(824676k free), swap 12461340k(5696k free)

vm_info: Java HotSpot(TM) 64-Bit Server VM (25.221-b11) for windows-amd64 JRE (1.8.0_221-b11), built on Jul  4 2019 04:39:29 by "java_re" with MS VC++ 10.0 (VS2010)

time: Mon Nov 25 15:55:15 2019
timezone: 中国标准时间
elapsed time: 12 seconds (0d 0h 0m 12s)

